2024-11-02T16:10:05.607-05:00  INFO 28616 --- [falconshield] [restartedMain] c.v.f.FalconshieldApplication            : Starting FalconshieldApplication using Java 21.0.5 with PID 28616 (C:\Users\Gaby\Desktop\CICLO IX\IoT\FalconShield-EdgeApi\target\classes started by Gaby in C:\Users\Gaby\Desktop\CICLO IX\IoT\FalconShield-EdgeApi)
2024-11-02T16:10:05.612-05:00  INFO 28616 --- [falconshield] [restartedMain] c.v.f.FalconshieldApplication            : No active profile set, falling back to 1 default profile: "default"
2024-11-02T16:10:05.654-05:00  INFO 28616 --- [falconshield] [restartedMain] .e.DevToolsPropertyDefaultsPostProcessor : Devtools property defaults active! Set 'spring.devtools.add-properties' to 'false' to disable
2024-11-02T16:10:05.656-05:00  INFO 28616 --- [falconshield] [restartedMain] .e.DevToolsPropertyDefaultsPostProcessor : For additional web related logging consider setting the 'logging.level.web' property to 'DEBUG'
2024-11-02T16:10:06.201-05:00  INFO 28616 --- [falconshield] [restartedMain] .s.d.r.c.RepositoryConfigurationDelegate : Bootstrapping Spring Data JPA repositories in DEFAULT mode.
2024-11-02T16:10:06.258-05:00  INFO 28616 --- [falconshield] [restartedMain] .s.d.r.c.RepositoryConfigurationDelegate : Finished Spring Data repository scanning in 52 ms. Found 1 JPA repository interface.
2024-11-02T16:10:06.758-05:00  INFO 28616 --- [falconshield] [restartedMain] o.s.b.w.embedded.tomcat.TomcatWebServer  : Tomcat initialized with port 8080 (http)
2024-11-02T16:10:06.774-05:00  INFO 28616 --- [falconshield] [restartedMain] o.apache.catalina.core.StandardService   : Starting service [Tomcat]
2024-11-02T16:10:06.775-05:00  INFO 28616 --- [falconshield] [restartedMain] o.apache.catalina.core.StandardEngine    : Starting Servlet engine: [Apache Tomcat/10.1.31]
2024-11-02T16:10:06.844-05:00  INFO 28616 --- [falconshield] [restartedMain] o.a.c.c.C.[Tomcat].[localhost].[/]       : Initializing Spring embedded WebApplicationContext
2024-11-02T16:10:06.845-05:00  INFO 28616 --- [falconshield] [restartedMain] w.s.c.ServletWebServerApplicationContext : Root WebApplicationContext: initialization completed in 1188 ms
2024-11-02T16:10:07.099-05:00  INFO 28616 --- [falconshield] [restartedMain] o.hibernate.jpa.internal.util.LogHelper  : HHH000204: Processing PersistenceUnitInfo [name: default]
2024-11-02T16:10:07.146-05:00  INFO 28616 --- [falconshield] [restartedMain] org.hibernate.Version                    : HHH000412: Hibernate ORM core version 6.5.3.Final
2024-11-02T16:10:07.170-05:00  INFO 28616 --- [falconshield] [restartedMain] o.h.c.internal.RegionFactoryInitiator    : HHH000026: Second-level cache disabled
2024-11-02T16:10:07.358-05:00  INFO 28616 --- [falconshield] [restartedMain] o.s.o.j.p.SpringPersistenceUnitInfo      : No LoadTimeWeaver setup: ignoring JPA class transformer
2024-11-02T16:10:07.382-05:00  INFO 28616 --- [falconshield] [restartedMain] com.zaxxer.hikari.HikariDataSource       : HikariPool-1 - Starting...
2024-11-02T16:10:08.790-05:00  INFO 28616 --- [falconshield] [restartedMain] com.zaxxer.hikari.pool.HikariPool        : HikariPool-1 - Added connection org.postgresql.jdbc.PgConnection@46253da0
2024-11-02T16:10:08.792-05:00  INFO 28616 --- [falconshield] [restartedMain] com.zaxxer.hikari.HikariDataSource       : HikariPool-1 - Start completed.
2024-11-02T16:10:09.860-05:00  INFO 28616 --- [falconshield] [restartedMain] o.h.e.t.j.p.i.JtaPlatformInitiator       : HHH000489: No JTA platform available (set 'hibernate.transaction.jta.platform' to enable JTA platform integration)
2024-11-02T16:10:10.466-05:00  INFO 28616 --- [falconshield] [restartedMain] j.LocalContainerEntityManagerFactoryBean : Initialized JPA EntityManagerFactory for persistence unit 'default'
2024-11-02T16:10:10.478-05:00  WARN 28616 --- [falconshield] [restartedMain] ConfigServletWebServerApplicationContext : Exception encountered during context initialization - cancelling refresh attempt: org.springframework.beans.factory.UnsatisfiedDependencyException: Error creating bean with name 'actuatorController' defined in file [C:\Users\Gaby\Desktop\CICLO IX\IoT\FalconShield-EdgeApi\target\classes\com\verysafe\falconshield\actuators\application\controllers\ActuatorController.class]: Unsatisfied dependency expressed through constructor parameter 0: No qualifying bean of type 'com.verysafe.falconshield.actuators.application.handlers.commands.ControlActuatorCommandHandler' available: expected at least 1 bean which qualifies as autowire candidate. Dependency annotations: {}
2024-11-02T16:10:10.479-05:00  INFO 28616 --- [falconshield] [restartedMain] j.LocalContainerEntityManagerFactoryBean : Closing JPA EntityManagerFactory for persistence unit 'default'
2024-11-02T16:10:10.483-05:00  INFO 28616 --- [falconshield] [restartedMain] com.zaxxer.hikari.HikariDataSource       : HikariPool-1 - Shutdown initiated...
2024-11-02T16:10:11.217-05:00  INFO 28616 --- [falconshield] [restartedMain] com.zaxxer.hikari.HikariDataSource       : HikariPool-1 - Shutdown completed.
2024-11-02T16:10:11.219-05:00  INFO 28616 --- [falconshield] [restartedMain] o.apache.catalina.core.StandardService   : Stopping service [Tomcat]
2024-11-02T16:10:11.229-05:00  INFO 28616 --- [falconshield] [restartedMain] .s.b.a.l.ConditionEvaluationReportLogger : 

Error starting ApplicationContext. To display the condition evaluation report re-run your application with 'debug' enabled.
2024-11-02T16:10:11.247-05:00 ERROR 28616 --- [falconshield] [restartedMain] o.s.b.d.LoggingFailureAnalysisReporter   : 

***************************
APPLICATION FAILED TO START
***************************

Description:

Parameter 0 of constructor in com.verysafe.falconshield.actuators.application.controllers.ActuatorController required a bean of type 'com.verysafe.falconshield.actuators.application.handlers.commands.ControlActuatorCommandHandler' that could not be found.


Action:

Consider defining a bean of type 'com.verysafe.falconshield.actuators.application.handlers.commands.ControlActuatorCommandHandler' in your configuration.

2024-11-02T16:12:12.698-05:00  INFO 20628 --- [falconshield] [restartedMain] c.v.f.FalconshieldApplication            : Starting FalconshieldApplication using Java 21.0.5 with PID 20628 (C:\Users\Gaby\Desktop\CICLO IX\IoT\FalconShield-EdgeApi\target\classes started by Gaby in C:\Users\Gaby\Desktop\CICLO IX\IoT\FalconShield-EdgeApi)
2024-11-02T16:12:12.704-05:00  INFO 20628 --- [falconshield] [restartedMain] c.v.f.FalconshieldApplication            : No active profile set, falling back to 1 default profile: "default"
2024-11-02T16:12:12.750-05:00  INFO 20628 --- [falconshield] [restartedMain] .e.DevToolsPropertyDefaultsPostProcessor : Devtools property defaults active! Set 'spring.devtools.add-properties' to 'false' to disable
2024-11-02T16:12:12.752-05:00  INFO 20628 --- [falconshield] [restartedMain] .e.DevToolsPropertyDefaultsPostProcessor : For additional web related logging consider setting the 'logging.level.web' property to 'DEBUG'
2024-11-02T16:12:13.393-05:00  INFO 20628 --- [falconshield] [restartedMain] .s.d.r.c.RepositoryConfigurationDelegate : Bootstrapping Spring Data JPA repositories in DEFAULT mode.
2024-11-02T16:12:13.454-05:00  INFO 20628 --- [falconshield] [restartedMain] .s.d.r.c.RepositoryConfigurationDelegate : Finished Spring Data repository scanning in 55 ms. Found 1 JPA repository interface.
2024-11-02T16:12:13.958-05:00  INFO 20628 --- [falconshield] [restartedMain] o.s.b.w.embedded.tomcat.TomcatWebServer  : Tomcat initialized with port 8080 (http)
2024-11-02T16:12:13.972-05:00  INFO 20628 --- [falconshield] [restartedMain] o.apache.catalina.core.StandardService   : Starting service [Tomcat]
2024-11-02T16:12:13.973-05:00  INFO 20628 --- [falconshield] [restartedMain] o.apache.catalina.core.StandardEngine    : Starting Servlet engine: [Apache Tomcat/10.1.31]
2024-11-02T16:12:14.022-05:00  INFO 20628 --- [falconshield] [restartedMain] o.a.c.c.C.[Tomcat].[localhost].[/]       : Initializing Spring embedded WebApplicationContext
2024-11-02T16:12:14.023-05:00  INFO 20628 --- [falconshield] [restartedMain] w.s.c.ServletWebServerApplicationContext : Root WebApplicationContext: initialization completed in 1269 ms
2024-11-02T16:12:14.254-05:00  INFO 20628 --- [falconshield] [restartedMain] o.hibernate.jpa.internal.util.LogHelper  : HHH000204: Processing PersistenceUnitInfo [name: default]
2024-11-02T16:12:14.334-05:00  INFO 20628 --- [falconshield] [restartedMain] org.hibernate.Version                    : HHH000412: Hibernate ORM core version 6.5.3.Final
2024-11-02T16:12:14.358-05:00  INFO 20628 --- [falconshield] [restartedMain] o.h.c.internal.RegionFactoryInitiator    : HHH000026: Second-level cache disabled
2024-11-02T16:12:14.563-05:00  INFO 20628 --- [falconshield] [restartedMain] o.s.o.j.p.SpringPersistenceUnitInfo      : No LoadTimeWeaver setup: ignoring JPA class transformer
2024-11-02T16:12:14.583-05:00  INFO 20628 --- [falconshield] [restartedMain] com.zaxxer.hikari.HikariDataSource       : HikariPool-1 - Starting...
2024-11-02T16:12:15.846-05:00  INFO 20628 --- [falconshield] [restartedMain] com.zaxxer.hikari.pool.HikariPool        : HikariPool-1 - Added connection org.postgresql.jdbc.PgConnection@1ad55f36
2024-11-02T16:12:15.849-05:00  INFO 20628 --- [falconshield] [restartedMain] com.zaxxer.hikari.HikariDataSource       : HikariPool-1 - Start completed.
2024-11-02T16:12:16.907-05:00  INFO 20628 --- [falconshield] [restartedMain] o.h.e.t.j.p.i.JtaPlatformInitiator       : HHH000489: No JTA platform available (set 'hibernate.transaction.jta.platform' to enable JTA platform integration)
2024-11-02T16:12:17.384-05:00  INFO 20628 --- [falconshield] [restartedMain] j.LocalContainerEntityManagerFactoryBean : Initialized JPA EntityManagerFactory for persistence unit 'default'
2024-11-02T16:12:17.399-05:00  WARN 20628 --- [falconshield] [restartedMain] ConfigServletWebServerApplicationContext : Exception encountered during context initialization - cancelling refresh attempt: org.springframework.beans.factory.UnsatisfiedDependencyException: Error creating bean with name 'actuatorController' defined in file [C:\Users\Gaby\Desktop\CICLO IX\IoT\FalconShield-EdgeApi\target\classes\com\verysafe\falconshield\actuators\application\controllers\ActuatorController.class]: Unsatisfied dependency expressed through constructor parameter 0: Error creating bean with name 'controlActuatorCommandHandler' defined in file [C:\Users\Gaby\Desktop\CICLO IX\IoT\FalconShield-EdgeApi\target\classes\com\verysafe\falconshield\actuators\application\handlers\commands\ControlActuatorCommandHandler.class]: Unsatisfied dependency expressed through constructor parameter 0: No qualifying bean of type 'com.verysafe.falconshield.actuators.domain.services.commands.IActuatorCommands' available: expected at least 1 bean which qualifies as autowire candidate. Dependency annotations: {}
2024-11-02T16:12:17.404-05:00  INFO 20628 --- [falconshield] [restartedMain] j.LocalContainerEntityManagerFactoryBean : Closing JPA EntityManagerFactory for persistence unit 'default'
2024-11-02T16:12:17.406-05:00  INFO 20628 --- [falconshield] [restartedMain] com.zaxxer.hikari.HikariDataSource       : HikariPool-1 - Shutdown initiated...
2024-11-02T16:12:17.737-05:00  INFO 20628 --- [falconshield] [restartedMain] com.zaxxer.hikari.HikariDataSource       : HikariPool-1 - Shutdown completed.
2024-11-02T16:12:17.739-05:00  INFO 20628 --- [falconshield] [restartedMain] o.apache.catalina.core.StandardService   : Stopping service [Tomcat]
2024-11-02T16:12:17.749-05:00  INFO 20628 --- [falconshield] [restartedMain] .s.b.a.l.ConditionEvaluationReportLogger : 

Error starting ApplicationContext. To display the condition evaluation report re-run your application with 'debug' enabled.
2024-11-02T16:12:17.773-05:00 ERROR 20628 --- [falconshield] [restartedMain] o.s.b.d.LoggingFailureAnalysisReporter   : 

***************************
APPLICATION FAILED TO START
***************************

Description:

Parameter 0 of constructor in com.verysafe.falconshield.actuators.application.handlers.commands.ControlActuatorCommandHandler required a bean of type 'com.verysafe.falconshield.actuators.domain.services.commands.IActuatorCommands' that could not be found.


Action:

Consider defining a bean of type 'com.verysafe.falconshield.actuators.domain.services.commands.IActuatorCommands' in your configuration.

2024-11-02T16:18:43.290-05:00  INFO 29984 --- [falconshield] [restartedMain] c.v.f.FalconshieldApplication            : Starting FalconshieldApplication using Java 21.0.5 with PID 29984 (C:\Users\Gaby\Desktop\CICLO IX\IoT\FalconShield-EdgeApi\target\classes started by Gaby in C:\Users\Gaby\Desktop\CICLO IX\IoT\FalconShield-EdgeApi)
2024-11-02T16:18:43.294-05:00  INFO 29984 --- [falconshield] [restartedMain] c.v.f.FalconshieldApplication            : No active profile set, falling back to 1 default profile: "default"
2024-11-02T16:18:43.334-05:00  INFO 29984 --- [falconshield] [restartedMain] .e.DevToolsPropertyDefaultsPostProcessor : Devtools property defaults active! Set 'spring.devtools.add-properties' to 'false' to disable
2024-11-02T16:18:43.335-05:00  INFO 29984 --- [falconshield] [restartedMain] .e.DevToolsPropertyDefaultsPostProcessor : For additional web related logging consider setting the 'logging.level.web' property to 'DEBUG'
2024-11-02T16:18:43.865-05:00  INFO 29984 --- [falconshield] [restartedMain] .s.d.r.c.RepositoryConfigurationDelegate : Bootstrapping Spring Data JPA repositories in DEFAULT mode.
2024-11-02T16:18:43.936-05:00  INFO 29984 --- [falconshield] [restartedMain] .s.d.r.c.RepositoryConfigurationDelegate : Finished Spring Data repository scanning in 65 ms. Found 1 JPA repository interface.
2024-11-02T16:18:44.461-05:00  INFO 29984 --- [falconshield] [restartedMain] o.s.b.w.embedded.tomcat.TomcatWebServer  : Tomcat initialized with port 8080 (http)
2024-11-02T16:18:44.475-05:00  INFO 29984 --- [falconshield] [restartedMain] o.apache.catalina.core.StandardService   : Starting service [Tomcat]
2024-11-02T16:18:44.475-05:00  INFO 29984 --- [falconshield] [restartedMain] o.apache.catalina.core.StandardEngine    : Starting Servlet engine: [Apache Tomcat/10.1.31]
2024-11-02T16:18:44.516-05:00  INFO 29984 --- [falconshield] [restartedMain] o.a.c.c.C.[Tomcat].[localhost].[/]       : Initializing Spring embedded WebApplicationContext
2024-11-02T16:18:44.517-05:00  INFO 29984 --- [falconshield] [restartedMain] w.s.c.ServletWebServerApplicationContext : Root WebApplicationContext: initialization completed in 1182 ms
2024-11-02T16:18:44.690-05:00  INFO 29984 --- [falconshield] [restartedMain] o.hibernate.jpa.internal.util.LogHelper  : HHH000204: Processing PersistenceUnitInfo [name: default]
2024-11-02T16:18:44.751-05:00  INFO 29984 --- [falconshield] [restartedMain] org.hibernate.Version                    : HHH000412: Hibernate ORM core version 6.5.3.Final
2024-11-02T16:18:44.786-05:00  INFO 29984 --- [falconshield] [restartedMain] o.h.c.internal.RegionFactoryInitiator    : HHH000026: Second-level cache disabled
2024-11-02T16:18:45.013-05:00  INFO 29984 --- [falconshield] [restartedMain] o.s.o.j.p.SpringPersistenceUnitInfo      : No LoadTimeWeaver setup: ignoring JPA class transformer
2024-11-02T16:18:45.037-05:00  INFO 29984 --- [falconshield] [restartedMain] com.zaxxer.hikari.HikariDataSource       : HikariPool-1 - Starting...
2024-11-02T16:18:46.416-05:00  INFO 29984 --- [falconshield] [restartedMain] com.zaxxer.hikari.pool.HikariPool        : HikariPool-1 - Added connection org.postgresql.jdbc.PgConnection@7ca2c357
2024-11-02T16:18:46.419-05:00  INFO 29984 --- [falconshield] [restartedMain] com.zaxxer.hikari.HikariDataSource       : HikariPool-1 - Start completed.
2024-11-02T16:18:47.478-05:00  INFO 29984 --- [falconshield] [restartedMain] o.h.e.t.j.p.i.JtaPlatformInitiator       : HHH000489: No JTA platform available (set 'hibernate.transaction.jta.platform' to enable JTA platform integration)
2024-11-02T16:18:47.985-05:00  INFO 29984 --- [falconshield] [restartedMain] j.LocalContainerEntityManagerFactoryBean : Initialized JPA EntityManagerFactory for persistence unit 'default'
2024-11-02T16:18:48.000-05:00  WARN 29984 --- [falconshield] [restartedMain] ConfigServletWebServerApplicationContext : Exception encountered during context initialization - cancelling refresh attempt: org.springframework.beans.factory.UnsatisfiedDependencyException: Error creating bean with name 'actuatorController' defined in file [C:\Users\Gaby\Desktop\CICLO IX\IoT\FalconShield-EdgeApi\target\classes\com\verysafe\falconshield\actuators\application\controllers\ActuatorController.class]: Unsatisfied dependency expressed through constructor parameter 1: No qualifying bean of type 'com.verysafe.falconshield.actuators.application.handlers.queries.GetActuatorStatusQueryHandler' available: expected at least 1 bean which qualifies as autowire candidate. Dependency annotations: {}
2024-11-02T16:18:48.002-05:00  INFO 29984 --- [falconshield] [restartedMain] j.LocalContainerEntityManagerFactoryBean : Closing JPA EntityManagerFactory for persistence unit 'default'
2024-11-02T16:18:48.006-05:00  INFO 29984 --- [falconshield] [restartedMain] com.zaxxer.hikari.HikariDataSource       : HikariPool-1 - Shutdown initiated...
2024-11-02T16:18:48.823-05:00  INFO 29984 --- [falconshield] [restartedMain] com.zaxxer.hikari.HikariDataSource       : HikariPool-1 - Shutdown completed.
2024-11-02T16:18:48.827-05:00  INFO 29984 --- [falconshield] [restartedMain] o.apache.catalina.core.StandardService   : Stopping service [Tomcat]
2024-11-02T16:18:48.838-05:00  INFO 29984 --- [falconshield] [restartedMain] .s.b.a.l.ConditionEvaluationReportLogger : 

Error starting ApplicationContext. To display the condition evaluation report re-run your application with 'debug' enabled.
2024-11-02T16:18:48.859-05:00 ERROR 29984 --- [falconshield] [restartedMain] o.s.b.d.LoggingFailureAnalysisReporter   : 

***************************
APPLICATION FAILED TO START
***************************

Description:

Parameter 1 of constructor in com.verysafe.falconshield.actuators.application.controllers.ActuatorController required a bean of type 'com.verysafe.falconshield.actuators.application.handlers.queries.GetActuatorStatusQueryHandler' that could not be found.


Action:

Consider defining a bean of type 'com.verysafe.falconshield.actuators.application.handlers.queries.GetActuatorStatusQueryHandler' in your configuration.

2024-11-02T16:23:49.646-05:00  INFO 31180 --- [falconshield] [restartedMain] c.v.f.FalconshieldApplication            : Starting FalconshieldApplication using Java 21.0.5 with PID 31180 (C:\Users\Gaby\Desktop\CICLO IX\IoT\FalconShield-EdgeApi\target\classes started by Gaby in C:\Users\Gaby\Desktop\CICLO IX\IoT\FalconShield-EdgeApi)
2024-11-02T16:23:49.651-05:00  INFO 31180 --- [falconshield] [restartedMain] c.v.f.FalconshieldApplication            : No active profile set, falling back to 1 default profile: "default"
2024-11-02T16:23:49.711-05:00  INFO 31180 --- [falconshield] [restartedMain] .e.DevToolsPropertyDefaultsPostProcessor : Devtools property defaults active! Set 'spring.devtools.add-properties' to 'false' to disable
2024-11-02T16:23:49.712-05:00  INFO 31180 --- [falconshield] [restartedMain] .e.DevToolsPropertyDefaultsPostProcessor : For additional web related logging consider setting the 'logging.level.web' property to 'DEBUG'
2024-11-02T16:23:50.402-05:00  INFO 31180 --- [falconshield] [restartedMain] .s.d.r.c.RepositoryConfigurationDelegate : Bootstrapping Spring Data JPA repositories in DEFAULT mode.
2024-11-02T16:23:50.474-05:00  INFO 31180 --- [falconshield] [restartedMain] .s.d.r.c.RepositoryConfigurationDelegate : Finished Spring Data repository scanning in 66 ms. Found 1 JPA repository interface.
2024-11-02T16:23:51.051-05:00  INFO 31180 --- [falconshield] [restartedMain] o.s.b.w.embedded.tomcat.TomcatWebServer  : Tomcat initialized with port 8080 (http)
2024-11-02T16:23:51.063-05:00  INFO 31180 --- [falconshield] [restartedMain] o.apache.catalina.core.StandardService   : Starting service [Tomcat]
2024-11-02T16:23:51.064-05:00  INFO 31180 --- [falconshield] [restartedMain] o.apache.catalina.core.StandardEngine    : Starting Servlet engine: [Apache Tomcat/10.1.31]
2024-11-02T16:23:51.126-05:00  INFO 31180 --- [falconshield] [restartedMain] o.a.c.c.C.[Tomcat].[localhost].[/]       : Initializing Spring embedded WebApplicationContext
2024-11-02T16:23:51.127-05:00  INFO 31180 --- [falconshield] [restartedMain] w.s.c.ServletWebServerApplicationContext : Root WebApplicationContext: initialization completed in 1414 ms
2024-11-02T16:23:51.288-05:00  INFO 31180 --- [falconshield] [restartedMain] o.hibernate.jpa.internal.util.LogHelper  : HHH000204: Processing PersistenceUnitInfo [name: default]
2024-11-02T16:23:51.345-05:00  INFO 31180 --- [falconshield] [restartedMain] org.hibernate.Version                    : HHH000412: Hibernate ORM core version 6.5.3.Final
2024-11-02T16:23:51.372-05:00  INFO 31180 --- [falconshield] [restartedMain] o.h.c.internal.RegionFactoryInitiator    : HHH000026: Second-level cache disabled
2024-11-02T16:23:51.601-05:00  INFO 31180 --- [falconshield] [restartedMain] o.s.o.j.p.SpringPersistenceUnitInfo      : No LoadTimeWeaver setup: ignoring JPA class transformer
2024-11-02T16:23:51.626-05:00  INFO 31180 --- [falconshield] [restartedMain] com.zaxxer.hikari.HikariDataSource       : HikariPool-1 - Starting...
2024-11-02T16:23:52.969-05:00  INFO 31180 --- [falconshield] [restartedMain] com.zaxxer.hikari.pool.HikariPool        : HikariPool-1 - Added connection org.postgresql.jdbc.PgConnection@d6c7536
2024-11-02T16:23:52.972-05:00  INFO 31180 --- [falconshield] [restartedMain] com.zaxxer.hikari.HikariDataSource       : HikariPool-1 - Start completed.
2024-11-02T16:23:54.204-05:00  INFO 31180 --- [falconshield] [restartedMain] o.h.e.t.j.p.i.JtaPlatformInitiator       : HHH000489: No JTA platform available (set 'hibernate.transaction.jta.platform' to enable JTA platform integration)
2024-11-02T16:23:54.703-05:00  INFO 31180 --- [falconshield] [restartedMain] j.LocalContainerEntityManagerFactoryBean : Initialized JPA EntityManagerFactory for persistence unit 'default'
2024-11-02T16:23:54.978-05:00  WARN 31180 --- [falconshield] [restartedMain] JpaBaseConfiguration$JpaWebConfiguration : spring.jpa.open-in-view is enabled by default. Therefore, database queries may be performed during view rendering. Explicitly configure spring.jpa.open-in-view to disable this warning
2024-11-02T16:23:55.347-05:00  INFO 31180 --- [falconshield] [restartedMain] o.s.b.d.a.OptionalLiveReloadServer       : LiveReload server is running on port 35729
2024-11-02T16:23:55.394-05:00  INFO 31180 --- [falconshield] [restartedMain] o.s.b.w.embedded.tomcat.TomcatWebServer  : Tomcat started on port 8080 (http) with context path '/'
2024-11-02T16:23:55.403-05:00  INFO 31180 --- [falconshield] [restartedMain] c.v.f.FalconshieldApplication            : Started FalconshieldApplication in 6.163 seconds (process running for 6.807)
2024-11-02T16:34:56.051-05:00  INFO 16448 --- [falconshield] [restartedMain] c.v.f.FalconshieldApplication            : Starting FalconshieldApplication using Java 21.0.5 with PID 16448 (C:\Users\Gaby\Desktop\CICLO IX\IoT\FalconShield-EdgeApi\target\classes started by Gaby in C:\Users\Gaby\Desktop\CICLO IX\IoT\FalconShield-EdgeApi)
2024-11-02T16:34:56.056-05:00  INFO 16448 --- [falconshield] [restartedMain] c.v.f.FalconshieldApplication            : No active profile set, falling back to 1 default profile: "default"
2024-11-02T16:34:56.105-05:00  INFO 16448 --- [falconshield] [restartedMain] .e.DevToolsPropertyDefaultsPostProcessor : Devtools property defaults active! Set 'spring.devtools.add-properties' to 'false' to disable
2024-11-02T16:34:56.106-05:00  INFO 16448 --- [falconshield] [restartedMain] .e.DevToolsPropertyDefaultsPostProcessor : For additional web related logging consider setting the 'logging.level.web' property to 'DEBUG'
2024-11-02T16:34:56.690-05:00  INFO 16448 --- [falconshield] [restartedMain] .s.d.r.c.RepositoryConfigurationDelegate : Bootstrapping Spring Data JPA repositories in DEFAULT mode.
2024-11-02T16:34:56.753-05:00  INFO 16448 --- [falconshield] [restartedMain] .s.d.r.c.RepositoryConfigurationDelegate : Finished Spring Data repository scanning in 58 ms. Found 1 JPA repository interface.
2024-11-02T16:34:57.203-05:00  INFO 16448 --- [falconshield] [restartedMain] o.s.b.w.embedded.tomcat.TomcatWebServer  : Tomcat initialized with port 8080 (http)
2024-11-02T16:34:57.215-05:00  INFO 16448 --- [falconshield] [restartedMain] o.apache.catalina.core.StandardService   : Starting service [Tomcat]
2024-11-02T16:34:57.215-05:00  INFO 16448 --- [falconshield] [restartedMain] o.apache.catalina.core.StandardEngine    : Starting Servlet engine: [Apache Tomcat/10.1.31]
2024-11-02T16:34:57.253-05:00  INFO 16448 --- [falconshield] [restartedMain] o.a.c.c.C.[Tomcat].[localhost].[/]       : Initializing Spring embedded WebApplicationContext
2024-11-02T16:34:57.253-05:00  INFO 16448 --- [falconshield] [restartedMain] w.s.c.ServletWebServerApplicationContext : Root WebApplicationContext: initialization completed in 1147 ms
2024-11-02T16:34:57.434-05:00  INFO 16448 --- [falconshield] [restartedMain] o.hibernate.jpa.internal.util.LogHelper  : HHH000204: Processing PersistenceUnitInfo [name: default]
2024-11-02T16:34:57.495-05:00  INFO 16448 --- [falconshield] [restartedMain] org.hibernate.Version                    : HHH000412: Hibernate ORM core version 6.5.3.Final
2024-11-02T16:34:57.528-05:00  INFO 16448 --- [falconshield] [restartedMain] o.h.c.internal.RegionFactoryInitiator    : HHH000026: Second-level cache disabled
2024-11-02T16:34:57.736-05:00  INFO 16448 --- [falconshield] [restartedMain] o.s.o.j.p.SpringPersistenceUnitInfo      : No LoadTimeWeaver setup: ignoring JPA class transformer
2024-11-02T16:34:57.768-05:00  INFO 16448 --- [falconshield] [restartedMain] com.zaxxer.hikari.HikariDataSource       : HikariPool-1 - Starting...
2024-11-02T16:34:59.059-05:00  INFO 16448 --- [falconshield] [restartedMain] com.zaxxer.hikari.pool.HikariPool        : HikariPool-1 - Added connection org.postgresql.jdbc.PgConnection@573d403a
2024-11-02T16:34:59.060-05:00  INFO 16448 --- [falconshield] [restartedMain] com.zaxxer.hikari.HikariDataSource       : HikariPool-1 - Start completed.
2024-11-02T16:35:00.070-05:00  INFO 16448 --- [falconshield] [restartedMain] o.h.e.t.j.p.i.JtaPlatformInitiator       : HHH000489: No JTA platform available (set 'hibernate.transaction.jta.platform' to enable JTA platform integration)
2024-11-02T16:35:00.552-05:00  INFO 16448 --- [falconshield] [restartedMain] j.LocalContainerEntityManagerFactoryBean : Initialized JPA EntityManagerFactory for persistence unit 'default'
2024-11-02T16:35:00.882-05:00  WARN 16448 --- [falconshield] [restartedMain] JpaBaseConfiguration$JpaWebConfiguration : spring.jpa.open-in-view is enabled by default. Therefore, database queries may be performed during view rendering. Explicitly configure spring.jpa.open-in-view to disable this warning
2024-11-02T16:35:01.317-05:00  INFO 16448 --- [falconshield] [restartedMain] o.s.b.d.a.OptionalLiveReloadServer       : LiveReload server is running on port 35729
2024-11-02T16:35:01.360-05:00  INFO 16448 --- [falconshield] [restartedMain] o.s.b.w.embedded.tomcat.TomcatWebServer  : Tomcat started on port 8080 (http) with context path '/'
2024-11-02T16:35:01.369-05:00  INFO 16448 --- [falconshield] [restartedMain] c.v.f.FalconshieldApplication            : Started FalconshieldApplication in 5.682 seconds (process running for 6.287)
2024-11-02T16:35:15.513-05:00  INFO 16448 --- [falconshield] [http-nio-8080-exec-1] o.a.c.c.C.[Tomcat].[localhost].[/]       : Initializing Spring DispatcherServlet 'dispatcherServlet'
2024-11-02T16:35:15.514-05:00  INFO 16448 --- [falconshield] [http-nio-8080-exec-1] o.s.web.servlet.DispatcherServlet        : Initializing Servlet 'dispatcherServlet'
2024-11-02T16:35:15.517-05:00  INFO 16448 --- [falconshield] [http-nio-8080-exec-1] o.s.web.servlet.DispatcherServlet        : Completed initialization in 2 ms
2024-11-02T16:35:16.448-05:00  INFO 16448 --- [falconshield] [http-nio-8080-exec-8] o.springdoc.api.AbstractOpenApiResource  : Init duration for springdoc-openapi is: 407 ms
2024-11-02T16:36:36.952-05:00  INFO 16448 --- [falconshield] [SpringApplicationShutdownHook] j.LocalContainerEntityManagerFactoryBean : Closing JPA EntityManagerFactory for persistence unit 'default'
2024-11-02T16:36:36.955-05:00  INFO 16448 --- [falconshield] [SpringApplicationShutdownHook] com.zaxxer.hikari.HikariDataSource       : HikariPool-1 - Shutdown initiated...
2024-11-02T16:36:38.085-05:00  INFO 16448 --- [falconshield] [SpringApplicationShutdownHook] com.zaxxer.hikari.HikariDataSource       : HikariPool-1 - Shutdown completed.
2024-11-02T16:57:21.405-05:00  INFO 18140 --- [falconshield] [restartedMain] c.v.f.FalconshieldApplication            : Starting FalconshieldApplication using Java 21.0.5 with PID 18140 (C:\Users\Gaby\Desktop\CICLO IX\IoT\FalconShield-EdgeApi\target\classes started by Gaby in C:\Users\Gaby\Desktop\CICLO IX\IoT\FalconShield-EdgeApi)
2024-11-02T16:57:21.411-05:00  INFO 18140 --- [falconshield] [restartedMain] c.v.f.FalconshieldApplication            : No active profile set, falling back to 1 default profile: "default"
2024-11-02T16:57:21.455-05:00  INFO 18140 --- [falconshield] [restartedMain] .e.DevToolsPropertyDefaultsPostProcessor : Devtools property defaults active! Set 'spring.devtools.add-properties' to 'false' to disable
2024-11-02T16:57:21.456-05:00  INFO 18140 --- [falconshield] [restartedMain] .e.DevToolsPropertyDefaultsPostProcessor : For additional web related logging consider setting the 'logging.level.web' property to 'DEBUG'
2024-11-02T16:57:22.124-05:00  INFO 18140 --- [falconshield] [restartedMain] .s.d.r.c.RepositoryConfigurationDelegate : Bootstrapping Spring Data JPA repositories in DEFAULT mode.
2024-11-02T16:57:22.197-05:00  INFO 18140 --- [falconshield] [restartedMain] .s.d.r.c.RepositoryConfigurationDelegate : Finished Spring Data repository scanning in 67 ms. Found 2 JPA repository interfaces.
2024-11-02T16:57:22.742-05:00  INFO 18140 --- [falconshield] [restartedMain] o.s.b.w.embedded.tomcat.TomcatWebServer  : Tomcat initialized with port 8080 (http)
2024-11-02T16:57:22.755-05:00  INFO 18140 --- [falconshield] [restartedMain] o.apache.catalina.core.StandardService   : Starting service [Tomcat]
2024-11-02T16:57:22.755-05:00  INFO 18140 --- [falconshield] [restartedMain] o.apache.catalina.core.StandardEngine    : Starting Servlet engine: [Apache Tomcat/10.1.31]
2024-11-02T16:57:22.803-05:00  INFO 18140 --- [falconshield] [restartedMain] o.a.c.c.C.[Tomcat].[localhost].[/]       : Initializing Spring embedded WebApplicationContext
2024-11-02T16:57:22.804-05:00  INFO 18140 --- [falconshield] [restartedMain] w.s.c.ServletWebServerApplicationContext : Root WebApplicationContext: initialization completed in 1347 ms
2024-11-02T16:57:22.975-05:00  INFO 18140 --- [falconshield] [restartedMain] o.hibernate.jpa.internal.util.LogHelper  : HHH000204: Processing PersistenceUnitInfo [name: default]
2024-11-02T16:57:23.017-05:00  INFO 18140 --- [falconshield] [restartedMain] org.hibernate.Version                    : HHH000412: Hibernate ORM core version 6.5.3.Final
2024-11-02T16:57:23.060-05:00  INFO 18140 --- [falconshield] [restartedMain] o.h.c.internal.RegionFactoryInitiator    : HHH000026: Second-level cache disabled
2024-11-02T16:57:23.291-05:00  INFO 18140 --- [falconshield] [restartedMain] o.s.o.j.p.SpringPersistenceUnitInfo      : No LoadTimeWeaver setup: ignoring JPA class transformer
2024-11-02T16:57:23.324-05:00  INFO 18140 --- [falconshield] [restartedMain] com.zaxxer.hikari.HikariDataSource       : HikariPool-1 - Starting...
2024-11-02T16:57:24.714-05:00  INFO 18140 --- [falconshield] [restartedMain] com.zaxxer.hikari.pool.HikariPool        : HikariPool-1 - Added connection org.postgresql.jdbc.PgConnection@26b59306
2024-11-02T16:57:24.717-05:00  INFO 18140 --- [falconshield] [restartedMain] com.zaxxer.hikari.HikariDataSource       : HikariPool-1 - Start completed.
2024-11-02T16:57:25.880-05:00  INFO 18140 --- [falconshield] [restartedMain] o.h.e.t.j.p.i.JtaPlatformInitiator       : HHH000489: No JTA platform available (set 'hibernate.transaction.jta.platform' to enable JTA platform integration)
2024-11-02T16:57:26.738-05:00  WARN 18140 --- [falconshield] [restartedMain] o.h.engine.jdbc.spi.SqlExceptionHelper   : SQL Warning Code: 0, SQLState: 00000
2024-11-02T16:57:26.740-05:00  WARN 18140 --- [falconshield] [restartedMain] o.h.engine.jdbc.spi.SqlExceptionHelper   : constraint "uk8ba2nntlqc4j4ltigns7anrtm" of relation "sensor" does not exist, skipping
2024-11-02T16:57:26.856-05:00  INFO 18140 --- [falconshield] [restartedMain] j.LocalContainerEntityManagerFactoryBean : Initialized JPA EntityManagerFactory for persistence unit 'default'
2024-11-02T16:57:27.074-05:00  WARN 18140 --- [falconshield] [restartedMain] ConfigServletWebServerApplicationContext : Exception encountered during context initialization - cancelling refresh attempt: org.springframework.beans.factory.UnsatisfiedDependencyException: Error creating bean with name 'sensorController' defined in file [C:\Users\Gaby\Desktop\CICLO IX\IoT\FalconShield-EdgeApi\target\classes\com\verysafe\falconshield\sensors\application\controllers\SensorController.class]: Unsatisfied dependency expressed through constructor parameter 0: Error creating bean with name 'processSensorReadingCommandHandler' defined in file [C:\Users\Gaby\Desktop\CICLO IX\IoT\FalconShield-EdgeApi\target\classes\com\verysafe\falconshield\sensors\application\handlers\commands\ProcessSensorReadingCommandHandler.class]: Unsatisfied dependency expressed through constructor parameter 0: No qualifying bean of type 'com.verysafe.falconshield.sensors.domain.services.commands.ISensorCommands' available: expected at least 1 bean which qualifies as autowire candidate. Dependency annotations: {}
2024-11-02T16:57:27.075-05:00  INFO 18140 --- [falconshield] [restartedMain] j.LocalContainerEntityManagerFactoryBean : Closing JPA EntityManagerFactory for persistence unit 'default'
2024-11-02T16:57:27.078-05:00  INFO 18140 --- [falconshield] [restartedMain] com.zaxxer.hikari.HikariDataSource       : HikariPool-1 - Shutdown initiated...
2024-11-02T16:57:27.901-05:00  INFO 18140 --- [falconshield] [restartedMain] com.zaxxer.hikari.HikariDataSource       : HikariPool-1 - Shutdown completed.
2024-11-02T16:57:27.920-05:00  INFO 18140 --- [falconshield] [restartedMain] o.apache.catalina.core.StandardService   : Stopping service [Tomcat]
2024-11-02T16:57:27.935-05:00  INFO 18140 --- [falconshield] [restartedMain] .s.b.a.l.ConditionEvaluationReportLogger : 

Error starting ApplicationContext. To display the condition evaluation report re-run your application with 'debug' enabled.
2024-11-02T16:57:27.965-05:00 ERROR 18140 --- [falconshield] [restartedMain] o.s.b.d.LoggingFailureAnalysisReporter   : 

***************************
APPLICATION FAILED TO START
***************************

Description:

Parameter 0 of constructor in com.verysafe.falconshield.sensors.application.handlers.commands.ProcessSensorReadingCommandHandler required a bean of type 'com.verysafe.falconshield.sensors.domain.services.commands.ISensorCommands' that could not be found.


Action:

Consider defining a bean of type 'com.verysafe.falconshield.sensors.domain.services.commands.ISensorCommands' in your configuration.

2024-11-02T16:59:32.005-05:00  INFO 13360 --- [falconshield] [restartedMain] c.v.f.FalconshieldApplication            : Starting FalconshieldApplication using Java 21.0.5 with PID 13360 (C:\Users\Gaby\Desktop\CICLO IX\IoT\FalconShield-EdgeApi\target\classes started by Gaby in C:\Users\Gaby\Desktop\CICLO IX\IoT\FalconShield-EdgeApi)
2024-11-02T16:59:32.009-05:00  INFO 13360 --- [falconshield] [restartedMain] c.v.f.FalconshieldApplication            : No active profile set, falling back to 1 default profile: "default"
2024-11-02T16:59:32.059-05:00  INFO 13360 --- [falconshield] [restartedMain] .e.DevToolsPropertyDefaultsPostProcessor : Devtools property defaults active! Set 'spring.devtools.add-properties' to 'false' to disable
2024-11-02T16:59:32.059-05:00  INFO 13360 --- [falconshield] [restartedMain] .e.DevToolsPropertyDefaultsPostProcessor : For additional web related logging consider setting the 'logging.level.web' property to 'DEBUG'
2024-11-02T16:59:32.689-05:00  INFO 13360 --- [falconshield] [restartedMain] .s.d.r.c.RepositoryConfigurationDelegate : Bootstrapping Spring Data JPA repositories in DEFAULT mode.
2024-11-02T16:59:32.752-05:00  INFO 13360 --- [falconshield] [restartedMain] .s.d.r.c.RepositoryConfigurationDelegate : Finished Spring Data repository scanning in 58 ms. Found 2 JPA repository interfaces.
2024-11-02T16:59:33.232-05:00  INFO 13360 --- [falconshield] [restartedMain] o.s.b.w.embedded.tomcat.TomcatWebServer  : Tomcat initialized with port 8080 (http)
2024-11-02T16:59:33.244-05:00  INFO 13360 --- [falconshield] [restartedMain] o.apache.catalina.core.StandardService   : Starting service [Tomcat]
2024-11-02T16:59:33.245-05:00  INFO 13360 --- [falconshield] [restartedMain] o.apache.catalina.core.StandardEngine    : Starting Servlet engine: [Apache Tomcat/10.1.31]
2024-11-02T16:59:33.288-05:00  INFO 13360 --- [falconshield] [restartedMain] o.a.c.c.C.[Tomcat].[localhost].[/]       : Initializing Spring embedded WebApplicationContext
2024-11-02T16:59:33.289-05:00  INFO 13360 --- [falconshield] [restartedMain] w.s.c.ServletWebServerApplicationContext : Root WebApplicationContext: initialization completed in 1229 ms
2024-11-02T16:59:33.432-05:00  INFO 13360 --- [falconshield] [restartedMain] o.hibernate.jpa.internal.util.LogHelper  : HHH000204: Processing PersistenceUnitInfo [name: default]
2024-11-02T16:59:33.472-05:00  INFO 13360 --- [falconshield] [restartedMain] org.hibernate.Version                    : HHH000412: Hibernate ORM core version 6.5.3.Final
2024-11-02T16:59:33.515-05:00  INFO 13360 --- [falconshield] [restartedMain] o.h.c.internal.RegionFactoryInitiator    : HHH000026: Second-level cache disabled
2024-11-02T16:59:33.690-05:00  INFO 13360 --- [falconshield] [restartedMain] o.s.o.j.p.SpringPersistenceUnitInfo      : No LoadTimeWeaver setup: ignoring JPA class transformer
2024-11-02T16:59:33.722-05:00  INFO 13360 --- [falconshield] [restartedMain] com.zaxxer.hikari.HikariDataSource       : HikariPool-1 - Starting...
2024-11-02T16:59:35.054-05:00  INFO 13360 --- [falconshield] [restartedMain] com.zaxxer.hikari.pool.HikariPool        : HikariPool-1 - Added connection org.postgresql.jdbc.PgConnection@47c4df88
2024-11-02T16:59:35.057-05:00  INFO 13360 --- [falconshield] [restartedMain] com.zaxxer.hikari.HikariDataSource       : HikariPool-1 - Start completed.
2024-11-02T16:59:36.214-05:00  INFO 13360 --- [falconshield] [restartedMain] o.h.e.t.j.p.i.JtaPlatformInitiator       : HHH000489: No JTA platform available (set 'hibernate.transaction.jta.platform' to enable JTA platform integration)
2024-11-02T16:59:36.738-05:00  INFO 13360 --- [falconshield] [restartedMain] j.LocalContainerEntityManagerFactoryBean : Initialized JPA EntityManagerFactory for persistence unit 'default'
2024-11-02T16:59:37.063-05:00  WARN 13360 --- [falconshield] [restartedMain] ConfigServletWebServerApplicationContext : Exception encountered during context initialization - cancelling refresh attempt: org.springframework.beans.factory.UnsatisfiedDependencyException: Error creating bean with name 'sensorController' defined in file [C:\Users\Gaby\Desktop\CICLO IX\IoT\FalconShield-EdgeApi\target\classes\com\verysafe\falconshield\sensors\application\controllers\SensorController.class]: Unsatisfied dependency expressed through constructor parameter 1: Error creating bean with name 'getSensorReadingsQueryHandler' defined in file [C:\Users\Gaby\Desktop\CICLO IX\IoT\FalconShield-EdgeApi\target\classes\com\verysafe\falconshield\sensors\application\handlers\queries\GetSensorReadingsQueryHandler.class]: Unsatisfied dependency expressed through constructor parameter 0: No qualifying bean of type 'com.verysafe.falconshield.sensors.domain.services.queries.ISensorQueries' available: expected at least 1 bean which qualifies as autowire candidate. Dependency annotations: {}
2024-11-02T16:59:37.064-05:00  INFO 13360 --- [falconshield] [restartedMain] j.LocalContainerEntityManagerFactoryBean : Closing JPA EntityManagerFactory for persistence unit 'default'
2024-11-02T16:59:37.069-05:00  INFO 13360 --- [falconshield] [restartedMain] com.zaxxer.hikari.HikariDataSource       : HikariPool-1 - Shutdown initiated...
2024-11-02T16:59:37.512-05:00  INFO 13360 --- [falconshield] [restartedMain] com.zaxxer.hikari.HikariDataSource       : HikariPool-1 - Shutdown completed.
2024-11-02T16:59:37.520-05:00  INFO 13360 --- [falconshield] [restartedMain] o.apache.catalina.core.StandardService   : Stopping service [Tomcat]
2024-11-02T16:59:37.534-05:00  INFO 13360 --- [falconshield] [restartedMain] .s.b.a.l.ConditionEvaluationReportLogger : 

Error starting ApplicationContext. To display the condition evaluation report re-run your application with 'debug' enabled.
2024-11-02T16:59:37.555-05:00 ERROR 13360 --- [falconshield] [restartedMain] o.s.b.d.LoggingFailureAnalysisReporter   : 

***************************
APPLICATION FAILED TO START
***************************

Description:

Parameter 0 of constructor in com.verysafe.falconshield.sensors.application.handlers.queries.GetSensorReadingsQueryHandler required a bean of type 'com.verysafe.falconshield.sensors.domain.services.queries.ISensorQueries' that could not be found.


Action:

Consider defining a bean of type 'com.verysafe.falconshield.sensors.domain.services.queries.ISensorQueries' in your configuration.

2024-11-02T17:01:05.384-05:00  INFO 28236 --- [falconshield] [restartedMain] c.v.f.FalconshieldApplication            : Starting FalconshieldApplication using Java 21.0.5 with PID 28236 (C:\Users\Gaby\Desktop\CICLO IX\IoT\FalconShield-EdgeApi\target\classes started by Gaby in C:\Users\Gaby\Desktop\CICLO IX\IoT\FalconShield-EdgeApi)
2024-11-02T17:01:05.391-05:00  INFO 28236 --- [falconshield] [restartedMain] c.v.f.FalconshieldApplication            : No active profile set, falling back to 1 default profile: "default"
2024-11-02T17:01:05.450-05:00  INFO 28236 --- [falconshield] [restartedMain] .e.DevToolsPropertyDefaultsPostProcessor : Devtools property defaults active! Set 'spring.devtools.add-properties' to 'false' to disable
2024-11-02T17:01:05.450-05:00  INFO 28236 --- [falconshield] [restartedMain] .e.DevToolsPropertyDefaultsPostProcessor : For additional web related logging consider setting the 'logging.level.web' property to 'DEBUG'
2024-11-02T17:01:06.172-05:00  INFO 28236 --- [falconshield] [restartedMain] .s.d.r.c.RepositoryConfigurationDelegate : Bootstrapping Spring Data JPA repositories in DEFAULT mode.
2024-11-02T17:01:06.252-05:00  INFO 28236 --- [falconshield] [restartedMain] .s.d.r.c.RepositoryConfigurationDelegate : Finished Spring Data repository scanning in 73 ms. Found 2 JPA repository interfaces.
2024-11-02T17:01:06.791-05:00  INFO 28236 --- [falconshield] [restartedMain] o.s.b.w.embedded.tomcat.TomcatWebServer  : Tomcat initialized with port 8080 (http)
2024-11-02T17:01:06.805-05:00  INFO 28236 --- [falconshield] [restartedMain] o.apache.catalina.core.StandardService   : Starting service [Tomcat]
2024-11-02T17:01:06.806-05:00  INFO 28236 --- [falconshield] [restartedMain] o.apache.catalina.core.StandardEngine    : Starting Servlet engine: [Apache Tomcat/10.1.31]
2024-11-02T17:01:06.860-05:00  INFO 28236 --- [falconshield] [restartedMain] o.a.c.c.C.[Tomcat].[localhost].[/]       : Initializing Spring embedded WebApplicationContext
2024-11-02T17:01:06.861-05:00  INFO 28236 --- [falconshield] [restartedMain] w.s.c.ServletWebServerApplicationContext : Root WebApplicationContext: initialization completed in 1410 ms
2024-11-02T17:01:07.075-05:00  INFO 28236 --- [falconshield] [restartedMain] o.hibernate.jpa.internal.util.LogHelper  : HHH000204: Processing PersistenceUnitInfo [name: default]
2024-11-02T17:01:07.113-05:00  INFO 28236 --- [falconshield] [restartedMain] org.hibernate.Version                    : HHH000412: Hibernate ORM core version 6.5.3.Final
2024-11-02T17:01:07.148-05:00  INFO 28236 --- [falconshield] [restartedMain] o.h.c.internal.RegionFactoryInitiator    : HHH000026: Second-level cache disabled
2024-11-02T17:01:07.398-05:00  INFO 28236 --- [falconshield] [restartedMain] o.s.o.j.p.SpringPersistenceUnitInfo      : No LoadTimeWeaver setup: ignoring JPA class transformer
2024-11-02T17:01:07.425-05:00  INFO 28236 --- [falconshield] [restartedMain] com.zaxxer.hikari.HikariDataSource       : HikariPool-1 - Starting...
2024-11-02T17:01:08.883-05:00  INFO 28236 --- [falconshield] [restartedMain] com.zaxxer.hikari.pool.HikariPool        : HikariPool-1 - Added connection org.postgresql.jdbc.PgConnection@192e8eb1
2024-11-02T17:01:08.887-05:00  INFO 28236 --- [falconshield] [restartedMain] com.zaxxer.hikari.HikariDataSource       : HikariPool-1 - Start completed.
2024-11-02T17:01:10.029-05:00  INFO 28236 --- [falconshield] [restartedMain] o.h.e.t.j.p.i.JtaPlatformInitiator       : HHH000489: No JTA platform available (set 'hibernate.transaction.jta.platform' to enable JTA platform integration)
2024-11-02T17:01:10.525-05:00  INFO 28236 --- [falconshield] [restartedMain] j.LocalContainerEntityManagerFactoryBean : Initialized JPA EntityManagerFactory for persistence unit 'default'
2024-11-02T17:01:11.002-05:00  WARN 28236 --- [falconshield] [restartedMain] JpaBaseConfiguration$JpaWebConfiguration : spring.jpa.open-in-view is enabled by default. Therefore, database queries may be performed during view rendering. Explicitly configure spring.jpa.open-in-view to disable this warning
2024-11-02T17:01:11.421-05:00  INFO 28236 --- [falconshield] [restartedMain] o.s.b.d.a.OptionalLiveReloadServer       : LiveReload server is running on port 35729
2024-11-02T17:01:11.463-05:00  INFO 28236 --- [falconshield] [restartedMain] o.s.b.w.embedded.tomcat.TomcatWebServer  : Tomcat started on port 8080 (http) with context path '/'
2024-11-02T17:01:11.471-05:00  INFO 28236 --- [falconshield] [restartedMain] c.v.f.FalconshieldApplication            : Started FalconshieldApplication in 6.482 seconds (process running for 7.109)
2024-11-02T17:01:16.582-05:00  INFO 28236 --- [falconshield] [http-nio-8080-exec-1] o.a.c.c.C.[Tomcat].[localhost].[/]       : Initializing Spring DispatcherServlet 'dispatcherServlet'
2024-11-02T17:01:16.583-05:00  INFO 28236 --- [falconshield] [http-nio-8080-exec-1] o.s.web.servlet.DispatcherServlet        : Initializing Servlet 'dispatcherServlet'
2024-11-02T17:01:16.585-05:00  INFO 28236 --- [falconshield] [http-nio-8080-exec-1] o.s.web.servlet.DispatcherServlet        : Completed initialization in 0 ms
2024-11-02T17:01:17.358-05:00  INFO 28236 --- [falconshield] [http-nio-8080-exec-9] o.springdoc.api.AbstractOpenApiResource  : Init duration for springdoc-openapi is: 207 ms
2024-11-02T17:02:11.254-05:00  INFO 28236 --- [falconshield] [SpringApplicationShutdownHook] j.LocalContainerEntityManagerFactoryBean : Closing JPA EntityManagerFactory for persistence unit 'default'
2024-11-02T17:02:11.260-05:00  INFO 28236 --- [falconshield] [SpringApplicationShutdownHook] com.zaxxer.hikari.HikariDataSource       : HikariPool-1 - Shutdown initiated...
2024-11-02T17:02:12.385-05:00  INFO 28236 --- [falconshield] [SpringApplicationShutdownHook] com.zaxxer.hikari.HikariDataSource       : HikariPool-1 - Shutdown completed.
2024-11-02T17:22:54.601-05:00  INFO 12888 --- [falconshield] [restartedMain] c.v.f.FalconshieldApplication            : Starting FalconshieldApplication using Java 21.0.5 with PID 12888 (C:\Users\Gaby\Desktop\CICLO IX\IoT\FalconShield-EdgeApi\target\classes started by Gaby in C:\Users\Gaby\Desktop\CICLO IX\IoT\FalconShield-EdgeApi)
2024-11-02T17:22:54.606-05:00  INFO 12888 --- [falconshield] [restartedMain] c.v.f.FalconshieldApplication            : No active profile set, falling back to 1 default profile: "default"
2024-11-02T17:22:54.660-05:00  INFO 12888 --- [falconshield] [restartedMain] .e.DevToolsPropertyDefaultsPostProcessor : Devtools property defaults active! Set 'spring.devtools.add-properties' to 'false' to disable
2024-11-02T17:22:54.661-05:00  INFO 12888 --- [falconshield] [restartedMain] .e.DevToolsPropertyDefaultsPostProcessor : For additional web related logging consider setting the 'logging.level.web' property to 'DEBUG'
2024-11-02T17:22:55.407-05:00  INFO 12888 --- [falconshield] [restartedMain] .s.d.r.c.RepositoryConfigurationDelegate : Bootstrapping Spring Data JPA repositories in DEFAULT mode.
2024-11-02T17:22:55.471-05:00  INFO 12888 --- [falconshield] [restartedMain] .s.d.r.c.RepositoryConfigurationDelegate : Finished Spring Data repository scanning in 59 ms. Found 2 JPA repository interfaces.
2024-11-02T17:22:56.008-05:00  INFO 12888 --- [falconshield] [restartedMain] o.s.b.w.embedded.tomcat.TomcatWebServer  : Tomcat initialized with port 8080 (http)
2024-11-02T17:22:56.020-05:00  INFO 12888 --- [falconshield] [restartedMain] o.apache.catalina.core.StandardService   : Starting service [Tomcat]
2024-11-02T17:22:56.021-05:00  INFO 12888 --- [falconshield] [restartedMain] o.apache.catalina.core.StandardEngine    : Starting Servlet engine: [Apache Tomcat/10.1.31]
2024-11-02T17:22:56.072-05:00  INFO 12888 --- [falconshield] [restartedMain] o.a.c.c.C.[Tomcat].[localhost].[/]       : Initializing Spring embedded WebApplicationContext
2024-11-02T17:22:56.074-05:00  INFO 12888 --- [falconshield] [restartedMain] w.s.c.ServletWebServerApplicationContext : Root WebApplicationContext: initialization completed in 1412 ms
2024-11-02T17:22:56.244-05:00  INFO 12888 --- [falconshield] [restartedMain] o.hibernate.jpa.internal.util.LogHelper  : HHH000204: Processing PersistenceUnitInfo [name: default]
2024-11-02T17:22:56.306-05:00  INFO 12888 --- [falconshield] [restartedMain] org.hibernate.Version                    : HHH000412: Hibernate ORM core version 6.5.3.Final
2024-11-02T17:22:56.350-05:00  INFO 12888 --- [falconshield] [restartedMain] o.h.c.internal.RegionFactoryInitiator    : HHH000026: Second-level cache disabled
2024-11-02T17:22:56.590-05:00  INFO 12888 --- [falconshield] [restartedMain] o.s.o.j.p.SpringPersistenceUnitInfo      : No LoadTimeWeaver setup: ignoring JPA class transformer
2024-11-02T17:22:56.620-05:00  INFO 12888 --- [falconshield] [restartedMain] com.zaxxer.hikari.HikariDataSource       : HikariPool-1 - Starting...
2024-11-02T17:22:58.043-05:00  INFO 12888 --- [falconshield] [restartedMain] com.zaxxer.hikari.pool.HikariPool        : HikariPool-1 - Added connection org.postgresql.jdbc.PgConnection@3e4ebcdc
2024-11-02T17:22:58.046-05:00  INFO 12888 --- [falconshield] [restartedMain] com.zaxxer.hikari.HikariDataSource       : HikariPool-1 - Start completed.
2024-11-02T17:22:59.147-05:00  INFO 12888 --- [falconshield] [restartedMain] o.h.e.t.j.p.i.JtaPlatformInitiator       : HHH000489: No JTA platform available (set 'hibernate.transaction.jta.platform' to enable JTA platform integration)
2024-11-02T17:22:59.669-05:00  INFO 12888 --- [falconshield] [restartedMain] j.LocalContainerEntityManagerFactoryBean : Initialized JPA EntityManagerFactory for persistence unit 'default'
2024-11-02T17:22:59.897-05:00  WARN 12888 --- [falconshield] [restartedMain] ConfigServletWebServerApplicationContext : Exception encountered during context initialization - cancelling refresh attempt: org.springframework.beans.factory.UnsatisfiedDependencyException: Error creating bean with name 'sensorController' defined in file [C:\Users\Gaby\Desktop\CICLO IX\IoT\FalconShield-EdgeApi\target\classes\com\verysafe\falconshield\sensors\application\controllers\SensorController.class]: Unsatisfied dependency expressed through constructor parameter 1: Error creating bean with name 'getSensorReadingsQueryHandler' defined in file [C:\Users\Gaby\Desktop\CICLO IX\IoT\FalconShield-EdgeApi\target\classes\com\verysafe\falconshield\sensors\application\handlers\queries\GetSensorReadingsQueryHandler.class]: Unsatisfied dependency expressed through constructor parameter 0: Error creating bean with name 'sensorQueriesImpl' defined in file [C:\Users\Gaby\Desktop\CICLO IX\IoT\FalconShield-EdgeApi\target\classes\com\verysafe\falconshield\sensors\domain\services\queries\SensorQueriesImpl.class]: Failed to instantiate [com.verysafe.falconshield.sensors.domain.services.queries.SensorQueriesImpl]: Constructor threw exception
2024-11-02T17:22:59.898-05:00  INFO 12888 --- [falconshield] [restartedMain] j.LocalContainerEntityManagerFactoryBean : Closing JPA EntityManagerFactory for persistence unit 'default'
2024-11-02T17:22:59.901-05:00  INFO 12888 --- [falconshield] [restartedMain] com.zaxxer.hikari.HikariDataSource       : HikariPool-1 - Shutdown initiated...
2024-11-02T17:23:00.509-05:00  INFO 12888 --- [falconshield] [restartedMain] com.zaxxer.hikari.HikariDataSource       : HikariPool-1 - Shutdown completed.
2024-11-02T17:23:00.515-05:00  INFO 12888 --- [falconshield] [restartedMain] o.apache.catalina.core.StandardService   : Stopping service [Tomcat]
2024-11-02T17:23:00.537-05:00  INFO 12888 --- [falconshield] [restartedMain] .s.b.a.l.ConditionEvaluationReportLogger : 

Error starting ApplicationContext. To display the condition evaluation report re-run your application with 'debug' enabled.
2024-11-02T17:23:00.554-05:00 ERROR 12888 --- [falconshield] [restartedMain] o.s.boot.SpringApplication               : Application run failed

org.springframework.beans.factory.UnsatisfiedDependencyException: Error creating bean with name 'sensorController' defined in file [C:\Users\Gaby\Desktop\CICLO IX\IoT\FalconShield-EdgeApi\target\classes\com\verysafe\falconshield\sensors\application\controllers\SensorController.class]: Unsatisfied dependency expressed through constructor parameter 1: Error creating bean with name 'getSensorReadingsQueryHandler' defined in file [C:\Users\Gaby\Desktop\CICLO IX\IoT\FalconShield-EdgeApi\target\classes\com\verysafe\falconshield\sensors\application\handlers\queries\GetSensorReadingsQueryHandler.class]: Unsatisfied dependency expressed through constructor parameter 0: Error creating bean with name 'sensorQueriesImpl' defined in file [C:\Users\Gaby\Desktop\CICLO IX\IoT\FalconShield-EdgeApi\target\classes\com\verysafe\falconshield\sensors\domain\services\queries\SensorQueriesImpl.class]: Failed to instantiate [com.verysafe.falconshield.sensors.domain.services.queries.SensorQueriesImpl]: Constructor threw exception
	at org.springframework.beans.factory.support.ConstructorResolver.createArgumentArray(ConstructorResolver.java:795) ~[spring-beans-6.1.14.jar:6.1.14]
	at org.springframework.beans.factory.support.ConstructorResolver.autowireConstructor(ConstructorResolver.java:237) ~[spring-beans-6.1.14.jar:6.1.14]
	at org.springframework.beans.factory.support.AbstractAutowireCapableBeanFactory.autowireConstructor(AbstractAutowireCapableBeanFactory.java:1375) ~[spring-beans-6.1.14.jar:6.1.14]
	at org.springframework.beans.factory.support.AbstractAutowireCapableBeanFactory.createBeanInstance(AbstractAutowireCapableBeanFactory.java:1212) ~[spring-beans-6.1.14.jar:6.1.14]
	at org.springframework.beans.factory.support.AbstractAutowireCapableBeanFactory.doCreateBean(AbstractAutowireCapableBeanFactory.java:562) ~[spring-beans-6.1.14.jar:6.1.14]
	at org.springframework.beans.factory.support.AbstractAutowireCapableBeanFactory.createBean(AbstractAutowireCapableBeanFactory.java:522) ~[spring-beans-6.1.14.jar:6.1.14]
	at org.springframework.beans.factory.support.AbstractBeanFactory.lambda$doGetBean$0(AbstractBeanFactory.java:337) ~[spring-beans-6.1.14.jar:6.1.14]
	at org.springframework.beans.factory.support.DefaultSingletonBeanRegistry.getSingleton(DefaultSingletonBeanRegistry.java:234) ~[spring-beans-6.1.14.jar:6.1.14]
	at org.springframework.beans.factory.support.AbstractBeanFactory.doGetBean(AbstractBeanFactory.java:335) ~[spring-beans-6.1.14.jar:6.1.14]
	at org.springframework.beans.factory.support.AbstractBeanFactory.getBean(AbstractBeanFactory.java:200) ~[spring-beans-6.1.14.jar:6.1.14]
	at org.springframework.beans.factory.support.DefaultListableBeanFactory.preInstantiateSingletons(DefaultListableBeanFactory.java:975) ~[spring-beans-6.1.14.jar:6.1.14]
	at org.springframework.context.support.AbstractApplicationContext.finishBeanFactoryInitialization(AbstractApplicationContext.java:971) ~[spring-context-6.1.14.jar:6.1.14]
	at org.springframework.context.support.AbstractApplicationContext.refresh(AbstractApplicationContext.java:625) ~[spring-context-6.1.14.jar:6.1.14]
	at org.springframework.boot.web.servlet.context.ServletWebServerApplicationContext.refresh(ServletWebServerApplicationContext.java:146) ~[spring-boot-3.3.5.jar:3.3.5]
	at org.springframework.boot.SpringApplication.refresh(SpringApplication.java:754) ~[spring-boot-3.3.5.jar:3.3.5]
	at org.springframework.boot.SpringApplication.refreshContext(SpringApplication.java:456) ~[spring-boot-3.3.5.jar:3.3.5]
	at org.springframework.boot.SpringApplication.run(SpringApplication.java:335) ~[spring-boot-3.3.5.jar:3.3.5]
	at org.springframework.boot.SpringApplication.run(SpringApplication.java:1363) ~[spring-boot-3.3.5.jar:3.3.5]
	at org.springframework.boot.SpringApplication.run(SpringApplication.java:1352) ~[spring-boot-3.3.5.jar:3.3.5]
	at com.verysafe.falconshield.FalconshieldApplication.main(FalconshieldApplication.java:10) ~[classes/:na]
	at java.base/jdk.internal.reflect.DirectMethodHandleAccessor.invoke(DirectMethodHandleAccessor.java:103) ~[na:na]
	at java.base/java.lang.reflect.Method.invoke(Method.java:580) ~[na:na]
	at org.springframework.boot.devtools.restart.RestartLauncher.run(RestartLauncher.java:50) ~[spring-boot-devtools-3.3.5.jar:3.3.5]
Caused by: org.springframework.beans.factory.UnsatisfiedDependencyException: Error creating bean with name 'getSensorReadingsQueryHandler' defined in file [C:\Users\Gaby\Desktop\CICLO IX\IoT\FalconShield-EdgeApi\target\classes\com\verysafe\falconshield\sensors\application\handlers\queries\GetSensorReadingsQueryHandler.class]: Unsatisfied dependency expressed through constructor parameter 0: Error creating bean with name 'sensorQueriesImpl' defined in file [C:\Users\Gaby\Desktop\CICLO IX\IoT\FalconShield-EdgeApi\target\classes\com\verysafe\falconshield\sensors\domain\services\queries\SensorQueriesImpl.class]: Failed to instantiate [com.verysafe.falconshield.sensors.domain.services.queries.SensorQueriesImpl]: Constructor threw exception
	at org.springframework.beans.factory.support.ConstructorResolver.createArgumentArray(ConstructorResolver.java:795) ~[spring-beans-6.1.14.jar:6.1.14]
	at org.springframework.beans.factory.support.ConstructorResolver.autowireConstructor(ConstructorResolver.java:237) ~[spring-beans-6.1.14.jar:6.1.14]
	at org.springframework.beans.factory.support.AbstractAutowireCapableBeanFactory.autowireConstructor(AbstractAutowireCapableBeanFactory.java:1375) ~[spring-beans-6.1.14.jar:6.1.14]
	at org.springframework.beans.factory.support.AbstractAutowireCapableBeanFactory.createBeanInstance(AbstractAutowireCapableBeanFactory.java:1212) ~[spring-beans-6.1.14.jar:6.1.14]
	at org.springframework.beans.factory.support.AbstractAutowireCapableBeanFactory.doCreateBean(AbstractAutowireCapableBeanFactory.java:562) ~[spring-beans-6.1.14.jar:6.1.14]
	at org.springframework.beans.factory.support.AbstractAutowireCapableBeanFactory.createBean(AbstractAutowireCapableBeanFactory.java:522) ~[spring-beans-6.1.14.jar:6.1.14]
	at org.springframework.beans.factory.support.AbstractBeanFactory.lambda$doGetBean$0(AbstractBeanFactory.java:337) ~[spring-beans-6.1.14.jar:6.1.14]
	at org.springframework.beans.factory.support.DefaultSingletonBeanRegistry.getSingleton(DefaultSingletonBeanRegistry.java:234) ~[spring-beans-6.1.14.jar:6.1.14]
	at org.springframework.beans.factory.support.AbstractBeanFactory.doGetBean(AbstractBeanFactory.java:335) ~[spring-beans-6.1.14.jar:6.1.14]
	at org.springframework.beans.factory.support.AbstractBeanFactory.getBean(AbstractBeanFactory.java:200) ~[spring-beans-6.1.14.jar:6.1.14]
	at org.springframework.beans.factory.config.DependencyDescriptor.resolveCandidate(DependencyDescriptor.java:254) ~[spring-beans-6.1.14.jar:6.1.14]
	at org.springframework.beans.factory.support.DefaultListableBeanFactory.doResolveDependency(DefaultListableBeanFactory.java:1443) ~[spring-beans-6.1.14.jar:6.1.14]
	at org.springframework.beans.factory.support.DefaultListableBeanFactory.resolveDependency(DefaultListableBeanFactory.java:1353) ~[spring-beans-6.1.14.jar:6.1.14]
	at org.springframework.beans.factory.support.ConstructorResolver.resolveAutowiredArgument(ConstructorResolver.java:904) ~[spring-beans-6.1.14.jar:6.1.14]
	at org.springframework.beans.factory.support.ConstructorResolver.createArgumentArray(ConstructorResolver.java:782) ~[spring-beans-6.1.14.jar:6.1.14]
	... 22 common frames omitted
Caused by: org.springframework.beans.factory.BeanCreationException: Error creating bean with name 'sensorQueriesImpl' defined in file [C:\Users\Gaby\Desktop\CICLO IX\IoT\FalconShield-EdgeApi\target\classes\com\verysafe\falconshield\sensors\domain\services\queries\SensorQueriesImpl.class]: Failed to instantiate [com.verysafe.falconshield.sensors.domain.services.queries.SensorQueriesImpl]: Constructor threw exception
	at org.springframework.beans.factory.support.ConstructorResolver.instantiate(ConstructorResolver.java:318) ~[spring-beans-6.1.14.jar:6.1.14]
	at org.springframework.beans.factory.support.ConstructorResolver.autowireConstructor(ConstructorResolver.java:306) ~[spring-beans-6.1.14.jar:6.1.14]
	at org.springframework.beans.factory.support.AbstractAutowireCapableBeanFactory.autowireConstructor(AbstractAutowireCapableBeanFactory.java:1375) ~[spring-beans-6.1.14.jar:6.1.14]
	at org.springframework.beans.factory.support.AbstractAutowireCapableBeanFactory.createBeanInstance(AbstractAutowireCapableBeanFactory.java:1212) ~[spring-beans-6.1.14.jar:6.1.14]
	at org.springframework.beans.factory.support.AbstractAutowireCapableBeanFactory.doCreateBean(AbstractAutowireCapableBeanFactory.java:562) ~[spring-beans-6.1.14.jar:6.1.14]
	at org.springframework.beans.factory.support.AbstractAutowireCapableBeanFactory.createBean(AbstractAutowireCapableBeanFactory.java:522) ~[spring-beans-6.1.14.jar:6.1.14]
	at org.springframework.beans.factory.support.AbstractBeanFactory.lambda$doGetBean$0(AbstractBeanFactory.java:337) ~[spring-beans-6.1.14.jar:6.1.14]
	at org.springframework.beans.factory.support.DefaultSingletonBeanRegistry.getSingleton(DefaultSingletonBeanRegistry.java:234) ~[spring-beans-6.1.14.jar:6.1.14]
	at org.springframework.beans.factory.support.AbstractBeanFactory.doGetBean(AbstractBeanFactory.java:335) ~[spring-beans-6.1.14.jar:6.1.14]
	at org.springframework.beans.factory.support.AbstractBeanFactory.getBean(AbstractBeanFactory.java:200) ~[spring-beans-6.1.14.jar:6.1.14]
	at org.springframework.beans.factory.config.DependencyDescriptor.resolveCandidate(DependencyDescriptor.java:254) ~[spring-beans-6.1.14.jar:6.1.14]
	at org.springframework.beans.factory.support.DefaultListableBeanFactory.doResolveDependency(DefaultListableBeanFactory.java:1443) ~[spring-beans-6.1.14.jar:6.1.14]
	at org.springframework.beans.factory.support.DefaultListableBeanFactory.resolveDependency(DefaultListableBeanFactory.java:1353) ~[spring-beans-6.1.14.jar:6.1.14]
	at org.springframework.beans.factory.support.ConstructorResolver.resolveAutowiredArgument(ConstructorResolver.java:904) ~[spring-beans-6.1.14.jar:6.1.14]
	at org.springframework.beans.factory.support.ConstructorResolver.createArgumentArray(ConstructorResolver.java:782) ~[spring-beans-6.1.14.jar:6.1.14]
	... 36 common frames omitted
Caused by: org.springframework.beans.BeanInstantiationException: Failed to instantiate [com.verysafe.falconshield.sensors.domain.services.queries.SensorQueriesImpl]: Constructor threw exception
	at org.springframework.beans.BeanUtils.instantiateClass(BeanUtils.java:221) ~[spring-beans-6.1.14.jar:6.1.14]
	at org.springframework.beans.factory.support.SimpleInstantiationStrategy.instantiate(SimpleInstantiationStrategy.java:117) ~[spring-beans-6.1.14.jar:6.1.14]
	at org.springframework.beans.factory.support.ConstructorResolver.instantiate(ConstructorResolver.java:315) ~[spring-beans-6.1.14.jar:6.1.14]
	... 50 common frames omitted
Caused by: java.lang.Error: Unresolved compilation problem: 
	The constructor SensorResponseDto(Long, String, String, Float, String) is undefined

	at com.verysafe.falconshield.sensors.domain.services.queries.SensorQueriesImpl.<init>(SensorQueriesImpl.java:22) ~[classes/:na]
	at java.base/jdk.internal.reflect.DirectConstructorHandleAccessor.newInstance(DirectConstructorHandleAccessor.java:62) ~[na:na]
	at java.base/java.lang.reflect.Constructor.newInstanceWithCaller(Constructor.java:502) ~[na:na]
	at java.base/java.lang.reflect.Constructor.newInstance(Constructor.java:486) ~[na:na]
	at org.springframework.beans.BeanUtils.instantiateClass(BeanUtils.java:208) ~[spring-beans-6.1.14.jar:6.1.14]
	... 52 common frames omitted

2024-11-02T17:25:06.161-05:00  INFO 14708 --- [falconshield] [restartedMain] c.v.f.FalconshieldApplication            : Starting FalconshieldApplication using Java 21.0.5 with PID 14708 (C:\Users\Gaby\Desktop\CICLO IX\IoT\FalconShield-EdgeApi\target\classes started by Gaby in C:\Users\Gaby\Desktop\CICLO IX\IoT\FalconShield-EdgeApi)
2024-11-02T17:25:06.167-05:00  INFO 14708 --- [falconshield] [restartedMain] c.v.f.FalconshieldApplication            : No active profile set, falling back to 1 default profile: "default"
2024-11-02T17:25:06.215-05:00  INFO 14708 --- [falconshield] [restartedMain] .e.DevToolsPropertyDefaultsPostProcessor : Devtools property defaults active! Set 'spring.devtools.add-properties' to 'false' to disable
2024-11-02T17:25:06.216-05:00  INFO 14708 --- [falconshield] [restartedMain] .e.DevToolsPropertyDefaultsPostProcessor : For additional web related logging consider setting the 'logging.level.web' property to 'DEBUG'
2024-11-02T17:25:06.974-05:00  INFO 14708 --- [falconshield] [restartedMain] .s.d.r.c.RepositoryConfigurationDelegate : Bootstrapping Spring Data JPA repositories in DEFAULT mode.
2024-11-02T17:25:07.033-05:00  INFO 14708 --- [falconshield] [restartedMain] .s.d.r.c.RepositoryConfigurationDelegate : Finished Spring Data repository scanning in 54 ms. Found 2 JPA repository interfaces.
2024-11-02T17:25:07.537-05:00  INFO 14708 --- [falconshield] [restartedMain] o.s.b.w.embedded.tomcat.TomcatWebServer  : Tomcat initialized with port 8080 (http)
2024-11-02T17:25:07.546-05:00  INFO 14708 --- [falconshield] [restartedMain] o.apache.catalina.core.StandardService   : Starting service [Tomcat]
2024-11-02T17:25:07.547-05:00  INFO 14708 --- [falconshield] [restartedMain] o.apache.catalina.core.StandardEngine    : Starting Servlet engine: [Apache Tomcat/10.1.31]
2024-11-02T17:25:07.588-05:00  INFO 14708 --- [falconshield] [restartedMain] o.a.c.c.C.[Tomcat].[localhost].[/]       : Initializing Spring embedded WebApplicationContext
2024-11-02T17:25:07.589-05:00  INFO 14708 --- [falconshield] [restartedMain] w.s.c.ServletWebServerApplicationContext : Root WebApplicationContext: initialization completed in 1372 ms
2024-11-02T17:25:07.736-05:00  INFO 14708 --- [falconshield] [restartedMain] o.hibernate.jpa.internal.util.LogHelper  : HHH000204: Processing PersistenceUnitInfo [name: default]
2024-11-02T17:25:07.775-05:00  INFO 14708 --- [falconshield] [restartedMain] org.hibernate.Version                    : HHH000412: Hibernate ORM core version 6.5.3.Final
2024-11-02T17:25:07.804-05:00  INFO 14708 --- [falconshield] [restartedMain] o.h.c.internal.RegionFactoryInitiator    : HHH000026: Second-level cache disabled
2024-11-02T17:25:08.001-05:00  INFO 14708 --- [falconshield] [restartedMain] o.s.o.j.p.SpringPersistenceUnitInfo      : No LoadTimeWeaver setup: ignoring JPA class transformer
2024-11-02T17:25:08.028-05:00  INFO 14708 --- [falconshield] [restartedMain] com.zaxxer.hikari.HikariDataSource       : HikariPool-1 - Starting...
2024-11-02T17:25:09.314-05:00  INFO 14708 --- [falconshield] [restartedMain] com.zaxxer.hikari.pool.HikariPool        : HikariPool-1 - Added connection org.postgresql.jdbc.PgConnection@a9825bb
2024-11-02T17:25:09.316-05:00  INFO 14708 --- [falconshield] [restartedMain] com.zaxxer.hikari.HikariDataSource       : HikariPool-1 - Start completed.
2024-11-02T17:25:10.526-05:00  INFO 14708 --- [falconshield] [restartedMain] o.h.e.t.j.p.i.JtaPlatformInitiator       : HHH000489: No JTA platform available (set 'hibernate.transaction.jta.platform' to enable JTA platform integration)
2024-11-02T17:25:11.020-05:00  INFO 14708 --- [falconshield] [restartedMain] j.LocalContainerEntityManagerFactoryBean : Initialized JPA EntityManagerFactory for persistence unit 'default'
2024-11-02T17:25:11.556-05:00  WARN 14708 --- [falconshield] [restartedMain] JpaBaseConfiguration$JpaWebConfiguration : spring.jpa.open-in-view is enabled by default. Therefore, database queries may be performed during view rendering. Explicitly configure spring.jpa.open-in-view to disable this warning
2024-11-02T17:25:12.101-05:00  INFO 14708 --- [falconshield] [restartedMain] o.s.b.d.a.OptionalLiveReloadServer       : LiveReload server is running on port 35729
2024-11-02T17:25:12.171-05:00  INFO 14708 --- [falconshield] [restartedMain] o.s.b.w.embedded.tomcat.TomcatWebServer  : Tomcat started on port 8080 (http) with context path '/'
2024-11-02T17:25:12.183-05:00  INFO 14708 --- [falconshield] [restartedMain] c.v.f.FalconshieldApplication            : Started FalconshieldApplication in 6.413 seconds (process running for 6.943)
2024-11-02T17:25:20.792-05:00  INFO 14708 --- [falconshield] [http-nio-8080-exec-1] o.a.c.c.C.[Tomcat].[localhost].[/]       : Initializing Spring DispatcherServlet 'dispatcherServlet'
2024-11-02T17:25:20.794-05:00  INFO 14708 --- [falconshield] [http-nio-8080-exec-1] o.s.web.servlet.DispatcherServlet        : Initializing Servlet 'dispatcherServlet'
2024-11-02T17:25:20.796-05:00  INFO 14708 --- [falconshield] [http-nio-8080-exec-1] o.s.web.servlet.DispatcherServlet        : Completed initialization in 2 ms
2024-11-02T17:25:21.499-05:00  INFO 14708 --- [falconshield] [http-nio-8080-exec-9] o.springdoc.api.AbstractOpenApiResource  : Init duration for springdoc-openapi is: 320 ms
2024-11-02T17:25:49.049-05:00  INFO 14708 --- [falconshield] [SpringApplicationShutdownHook] j.LocalContainerEntityManagerFactoryBean : Closing JPA EntityManagerFactory for persistence unit 'default'
2024-11-02T17:25:49.054-05:00  INFO 14708 --- [falconshield] [SpringApplicationShutdownHook] com.zaxxer.hikari.HikariDataSource       : HikariPool-1 - Shutdown initiated...
2024-11-02T17:25:50.164-05:00  INFO 14708 --- [falconshield] [SpringApplicationShutdownHook] com.zaxxer.hikari.HikariDataSource       : HikariPool-1 - Shutdown completed.
